This is pdfTeX, Version 3.14159265-2.6-1.40.21 (MiKTeX 20.12) (preloaded format=pdflatex 2021.10.28)  4 NOV 2021 18:13
entering extended mode
**"./POWERPOINT PRESENTATION.tex"
("POWERPOINT PRESENTATION.tex"
LaTeX2e <2020-10-01> patch level 2
L3 programming layer <2020-12-07> xparse <2020-03-03>
(C:\Users\SST-LAB\AppData\Local\Programs\MiKTeX\tex/latex/base\article.cls
Document Class: article 2020/04/10 v1.4m Standard LaTeX document class
(C:\Users\SST-LAB\AppData\Local\Programs\MiKTeX\tex/latex/base\size10.clo
File: size10.clo 2020/04/10 v1.4m Standard LaTeX file (size option)
)
\c@part=\count177
\c@section=\count178
\c@subsection=\count179
\c@subsubsection=\count180
\c@paragraph=\count181
\c@subparagraph=\count182
\c@figure=\count183
\c@table=\count184
\abovecaptionskip=\skip47
\belowcaptionskip=\skip48
\bibindent=\dimen138
)
(C:\Users\SST-LAB\AppData\Local\Programs\MiKTeX\tex/latex/graphics\graphicx.sty
Package: graphicx 2020/09/09 v1.2b Enhanced LaTeX Graphics (DPC,SPQR)
(C:\Users\SST-LAB\AppData\Local\Programs\MiKTeX\tex/latex/graphics\keyval.sty
Package: keyval 2014/10/28 v1.15 key=value parser (DPC)
\KV@toks@=\toks15
)
(C:\Users\SST-LAB\AppData\Local\Programs\MiKTeX\tex/latex/graphics\graphics.sty
Package: graphics 2020/08/30 v1.4c Standard LaTeX Graphics (DPC,SPQR)
(C:\Users\SST-LAB\AppData\Local\Programs\MiKTeX\tex/latex/graphics\trig.sty
Package: trig 2016/01/03 v1.10 sin cos tan (DPC)
)
(C:\Users\SST-LAB\AppData\Local\Programs\MiKTeX\tex/latex/graphics-cfg\graphics
.cfg
File: graphics.cfg 2016/06/04 v1.11 sample graphics configuration
)
Package graphics Info: Driver file: pdftex.def on input line 105.

(C:\Users\SST-LAB\AppData\Local\Programs\MiKTeX\tex/latex/graphics-def\pdftex.d
ef
File: pdftex.def 2020/10/05 v1.2a Graphics/color driver for pdftex
))
\Gin@req@height=\dimen139
\Gin@req@width=\dimen140
)
(C:\Users\SST-LAB\AppData\Local\Programs\MiKTeX\tex/latex/xcolor\xcolor.sty
Package: xcolor 2016/05/11 v2.12 LaTeX color extensions (UK)

(C:\Users\SST-LAB\AppData\Local\Programs\MiKTeX\tex/latex/graphics-cfg\color.cf
g
File: color.cfg 2016/01/02 v1.6 sample color configuration
)
Package xcolor Info: Driver file: pdftex.def on input line 225.
Package xcolor Info: Model `cmy' substituted by `cmy0' on input line 1348.
Package xcolor Info: Model `hsb' substituted by `rgb' on input line 1352.
Package xcolor Info: Model `RGB' extended on input line 1364.
Package xcolor Info: Model `HTML' substituted by `rgb' on input line 1366.
Package xcolor Info: Model `Hsb' substituted by `hsb' on input line 1367.
Package xcolor Info: Model `tHsb' substituted by `hsb' on input line 1368.
Package xcolor Info: Model `HSB' substituted by `hsb' on input line 1369.
Package xcolor Info: Model `Gray' substituted by `gray' on input line 1370.
Package xcolor Info: Model `wave' substituted by `hsb' on input line 1371.
)
(C:\Users\SST-LAB\AppData\Local\Programs\MiKTeX\tex/latex/l3backend\l3backend-p
dftex.def
File: l3backend-pdftex.def 2020-09-24 L3 backend support: PDF output (pdfTeX)
\l__kernel_color_stack_int=\count185
\l__pdf_internal_box=\box47
) ("POWERPOINT PRESENTATION.aux")
\openout1 = `"POWERPOINT PRESENTATION.aux"'.

LaTeX Font Info:    Checking defaults for OML/cmm/m/it on input line 5.
LaTeX Font Info:    ... okay on input line 5.
LaTeX Font Info:    Checking defaults for OMS/cmsy/m/n on input line 5.
LaTeX Font Info:    ... okay on input line 5.
LaTeX Font Info:    Checking defaults for OT1/cmr/m/n on input line 5.
LaTeX Font Info:    ... okay on input line 5.
LaTeX Font Info:    Checking defaults for T1/cmr/m/n on input line 5.
LaTeX Font Info:    ... okay on input line 5.
LaTeX Font Info:    Checking defaults for TS1/cmr/m/n on input line 5.
LaTeX Font Info:    ... okay on input line 5.
LaTeX Font Info:    Checking defaults for OMX/cmex/m/n on input line 5.
LaTeX Font Info:    ... okay on input line 5.
LaTeX Font Info:    Checking defaults for U/cmr/m/n on input line 5.
LaTeX Font Info:    ... okay on input line 5.

(C:\Users\SST-LAB\AppData\Local\Programs\MiKTeX\tex/context/base/mkii\supp-pdf.
mkii
[Loading MPS to PDF converter (version 2006.09.02).]
\scratchcounter=\count186
\scratchdimen=\dimen141
\scratchbox=\box48
\nofMPsegments=\count187
\nofMParguments=\count188
\everyMPshowfont=\toks16
\MPscratchCnt=\count189
\MPscratchDim=\dimen142
\MPnumerator=\count190
\makeMPintoPDFobject=\count191
\everyMPtoPDFconversion=\toks17
)
(C:\Users\SST-LAB\AppData\Local\Programs\MiKTeX\tex/latex/epstopdf-pkg\epstopdf
-base.sty
Package: epstopdf-base 2020-01-24 v2.11 Base part for package epstopdf
Package epstopdf-base Info: Redefining graphics rule for `.eps' on input line 4
85.
)
LaTeX Font Info:    External font `cmex10' loaded for size
(Font)              <12> on input line 7.
LaTeX Font Info:    External font `cmex10' loaded for size
(Font)              <8> on input line 7.
LaTeX Font Info:    External font `cmex10' loaded for size
(Font)              <6> on input line 7.


LaTeX Warning: No \author given.

[1

{C:/Users/SST-LAB/AppData/Local/MiKTeX/pdftex/config/pdftex.map}]
<js.png, id=7, 211.79124pt x 239.89626pt>
File: js.png Graphic file (type png)
<use js.png>
Package pdftex.def Info: js.png  used on input line 18.
(pdftex.def)             Requested size: 103.50105pt x 117.23538pt.
 [1 <./js.png>]
Overfull \hbox (11.0423pt too wide) in paragraph at lines 35--36
[]\OT1/cmr/m/n/10 In 2008, the cre-ation of Google's open-source Chrome V8, a h
igh-performance
 []

[2]
<brendan.jpg, id=18, 183.68625pt x 276.03125pt>
File: brendan.jpg Graphic file (type jpg)
<use brendan.jpg>
Package pdftex.def Info: brendan.jpg  used on input line 51.
(pdftex.def)             Requested size: 103.50105pt x 155.53674pt.
 [3 <./brendan.jpg>] [4] [5] [6]
<html.png, id=33, 225.84375pt x 225.84375pt>
File: html.png Graphic file (type png)
<use html.png>
Package pdftex.def Info: html.png  used on input line 99.
(pdftex.def)             Requested size: 103.50105pt x 103.50342pt.
 [7 <./html.png>] [8]
<tim.jpg, id=41, 201.75375pt x 251.94125pt>
File: tim.jpg Graphic file (type jpg)
<use tim.jpg>
Package pdftex.def Info: tim.jpg  used on input line 126.
(pdftex.def)             Requested size: 103.50105pt x 129.2495pt.
 [9 <./tim.jpg>]
[10] [11] [12]
<python.png, id=55, 274.02374pt x 185.69376pt>
File: python.png Graphic file (type png)
<use python.png>
Package pdftex.def Info: python.png  used on input line 174.
(pdftex.def)             Requested size: 103.50105pt x 70.13933pt.
 [13 <./python.png>] [14]
<guido.jpg, id=63, 276.03125pt x 183.68625pt>
File: guido.jpg Graphic file (type jpg)
<use guido.jpg>
Package pdftex.def Info: guido.jpg  used on input line 203.
(pdftex.def)             Requested size: 137.9979pt x 91.83447pt.
 [15 <./guido.jpg>] [16] [17] [18]
<php.png, id=77, 307.1475pt x 165.61874pt>
File: php.png Graphic file (type png)
<use php.png>
Package pdftex.def Info: php.png  used on input line 255.
(pdftex.def)             Requested size: 103.50105pt x 55.80925pt.

[19 <./php.png>] [20]
<rasmus.jpg, id=85, 226.8475pt x 223.83624pt>
File: rasmus.jpg Graphic file (type jpg)
<use rasmus.jpg>
Package pdftex.def Info: rasmus.jpg  used on input line 287.
(pdftex.def)             Requested size: 137.9979pt x 136.16762pt.
 [21 <./rasmus.jpg>] [22] [23] [24]
<swift.jpg, id=99, 225.84375pt x 225.84375pt>
File: swift.jpg Graphic file (type jpg)
<use swift.jpg>
Package pdftex.def Info: swift.jpg  used on input line 335.
(pdftex.def)             Requested size: 103.50105pt x 103.50342pt.
 [25 <./swift.jpg>]
[26]
<chris.jpg, id=106, 256.96pt x 197.73875pt>
File: chris.jpg Graphic file (type jpg)
<use chris.jpg>
Package pdftex.def Info: chris.jpg  used on input line 363.
(pdftex.def)             Requested size: 137.9979pt x 106.195pt.
 [27 <./chris.jpg>] [28] [29] [30] ("POWERPOINT PRESENTATION.aux") ) 
Here is how much of TeX's memory you used:
 1724 strings out of 479697
 24817 string characters out of 2866182
 300119 words of memory out of 3000000
 18838 multiletter control sequences out of 15000+200000
 407713 words of font info for 41 fonts, out of 3000000 for 9000
 1141 hyphenation exceptions out of 8191
 66i,6n,72p,490b,270s stack positions out of 5000i,500n,10000p,200000b,50000s
 <C:\Users\
SST-LAB\AppData\Local\MiKTeX\fonts/pk/ljfour/jknappen/ec/dpi600\tcrm1000.pk><C:
/Users/SST-LAB/AppData/Local/Programs/MiKTeX/fonts/type1/public/amsfonts/cm/cmb
x10.pfb><C:/Users/SST-LAB/AppData/Local/Programs/MiKTeX/fonts/type1/public/amsf
onts/cm/cmbx12.pfb><C:/Users/SST-LAB/AppData/Local/Programs/MiKTeX/fonts/type1/
public/amsfonts/cm/cmr10.pfb><C:/Users/SST-LAB/AppData/Local/Programs/MiKTeX/fo
nts/type1/public/amsfonts/cm/cmr12.pfb><C:/Users/SST-LAB/AppData/Local/Programs
/MiKTeX/fonts/type1/public/amsfonts/cm/cmr17.pfb>
Output written on "POWERPOINT PRESENTATION.pdf" (31 pages, 167823 bytes).
PDF statistics:
 141 PDF objects out of 1000 (max. 8388607)
 0 named destinations out of 1000 (max. 500000)
 51 words of extra memory for PDF output out of 10000 (max. 10000000)

